[01m[K/media/jared/32GB3/home/epos_ws/src/epos_ros2/epos_ros2/src/EPOSWrapper.cpp:[m[K In member function â€˜[01m[Kint epos2::EPOSWrapper::openDevices()[m[Kâ€™:
[01m[K/media/jared/32GB3/home/epos_ws/src/epos_ros2/epos_ros2/src/EPOSWrapper.cpp:34:26:[m[K [01;31m[Kerror: [m[Kâ€˜[01m[Kdevice_name_[m[Kâ€™ was not declared in this scope; did you mean â€˜[01m[Kdevice_name[m[Kâ€™?
   34 |      strcpy(device_name, [01;31m[Kdevice_name_[m[K.c_str());
      |                          [01;31m[K^~~~~~~~~~~~[m[K
      |                          [32m[Kdevice_name[m[K
[01m[K/media/jared/32GB3/home/epos_ws/src/epos_ros2/epos_ros2/src/EPOSWrapper.cpp:35:34:[m[K [01;31m[Kerror: [m[Kâ€˜[01m[Kprotocol_stack_name_[m[Kâ€™ was not declared in this scope; did you mean â€˜[01m[Kprotocol_stack_name[m[Kâ€™?
   35 |      strcpy(protocol_stack_name, [01;31m[Kprotocol_stack_name_[m[K.c_str());
      |                                  [01;31m[K^~~~~~~~~~~~~~~~~~~~[m[K
      |                                  [32m[Kprotocol_stack_name[m[K
[01m[K/media/jared/32GB3/home/epos_ws/src/epos_ros2/epos_ros2/src/EPOSWrapper.cpp:36:29:[m[K [01;31m[Kerror: [m[Kâ€˜[01m[Kinterface_name_[m[Kâ€™ was not declared in this scope; did you mean â€˜[01m[Kinterface_name[m[Kâ€™?
   36 |      strcpy(interface_name, [01;31m[Kinterface_name_[m[K.c_str());
      |                             [01;31m[K^~~~~~~~~~~~~~~[m[K
      |                             [32m[Kinterface_name[m[K
[01m[K/media/jared/32GB3/home/epos_ws/src/epos_ros2/epos_ros2/src/EPOSWrapper.cpp:37:24:[m[K [01;31m[Kerror: [m[Kâ€˜[01m[Kport_name_[m[Kâ€™ was not declared in this scope; did you mean â€˜[01m[Kport_name[m[Kâ€™?
   37 |      strcpy(port_name, [01;31m[Kport_name_[m[K.c_str());
      |                        [01;31m[K^~~~~~~~~~[m[K
      |                        [32m[Kport_name[m[K
[01m[K/media/jared/32GB3/home/epos_ws/src/epos_ros2/epos_ros2/src/EPOSWrapper.cpp:52:55:[m[K [01;31m[Kerror: [m[Kâ€˜[01m[Kbaud_rate_[m[Kâ€™ was not declared in this scope; did you mean â€˜[01m[Kbaud_rate[m[Kâ€™?
   52 |          if(VCS_SetProtocolStackSettings(key_handle_, [01;31m[Kbaud_rate_[m[K, timeout, &error_code_))
      |                                                       [01;31m[K^~~~~~~~~~[m[K
      |                                                       [32m[Kbaud_rate[m[K
make[2]: *** [CMakeFiles/epos_wrapper_lib.dir/build.make:63: CMakeFiles/epos_wrapper_lib.dir/src/EPOSWrapper.cpp.o] Error 1
make[1]: *** [CMakeFiles/Makefile2:137: CMakeFiles/epos_wrapper_lib.dir/all] Error 2
make: *** [Makefile:141: all] Error 2
