[0.046s] Invoking command in '/media/jared/32GB3/home/epos_ws/src/epos_ros2/build/epos_ros2': AMENT_PREFIX_PATH=/media/jared/32GB3/home/epos_ws/src/epos_ros2/install/epos_ros2_msgs:${AMENT_PREFIX_PATH} CMAKE_PREFIX_PATH=/media/jared/32GB3/home/epos_ws/src/epos_ros2/install/epos_ros2_msgs:/opt/ros/galactic:${CMAKE_PREFIX_PATH} LD_LIBRARY_PATH=/media/jared/32GB3/home/epos_ws/src/epos_ros2/install/epos_ros2_msgs/lib:/opt/ros/galactic/opt/yaml_cpp_vendor/lib:/opt/ros/galactic/opt/rviz_ogre_vendor/lib:/opt/ros/galactic/lib/x86_64-linux-gnu:/opt/ros/galactic/lib:/opt/ros/noetic/lib:/usr/local/cuda-9.0/lib64 PYTHONPATH=/media/jared/32GB3/home/epos_ws/src/epos_ros2/install/epos_ros2_msgs/lib/python3.8/site-packages:${PYTHONPATH} /usr/bin/cmake --build /media/jared/32GB3/home/epos_ws/src/epos_ros2/build/epos_ros2 -- -j4 -l4
[0.188s] [35m[1mScanning dependencies of target epos_wrapper_lib[0m
[0.542s] [ 16%] [32mBuilding CXX object CMakeFiles/epos_wrapper_lib.dir/src/EPOSWrapper.cpp.o[0m
[2.956s] [01m[K/media/jared/32GB3/home/epos_ws/src/epos_ros2/epos_ros2/src/EPOSWrapper.cpp:[m[K In member function â€˜[01m[Kint epos2::EPOSWrapper::openDevices()[m[Kâ€™:
[2.956s] [01m[K/media/jared/32GB3/home/epos_ws/src/epos_ros2/epos_ros2/src/EPOSWrapper.cpp:34:26:[m[K [01;31m[Kerror: [m[Kâ€˜[01m[Kdevice_name_[m[Kâ€™ was not declared in this scope; did you mean â€˜[01m[Kdevice_name[m[Kâ€™?
[2.957s]    34 |      strcpy(device_name, [01;31m[Kdevice_name_[m[K.c_str());
[2.957s]       |                          [01;31m[K^~~~~~~~~~~~[m[K
[2.957s]       |                          [32m[Kdevice_name[m[K
[2.963s] [01m[K/media/jared/32GB3/home/epos_ws/src/epos_ros2/epos_ros2/src/EPOSWrapper.cpp:35:34:[m[K [01;31m[Kerror: [m[Kâ€˜[01m[Kprotocol_stack_name_[m[Kâ€™ was not declared in this scope; did you mean â€˜[01m[Kprotocol_stack_name[m[Kâ€™?
[2.964s]    35 |      strcpy(protocol_stack_name, [01;31m[Kprotocol_stack_name_[m[K.c_str());
[2.964s]       |                                  [01;31m[K^~~~~~~~~~~~~~~~~~~~[m[K
[2.965s]       |                                  [32m[Kprotocol_stack_name[m[K
[2.968s] [01m[K/media/jared/32GB3/home/epos_ws/src/epos_ros2/epos_ros2/src/EPOSWrapper.cpp:36:29:[m[K [01;31m[Kerror: [m[Kâ€˜[01m[Kinterface_name_[m[Kâ€™ was not declared in this scope; did you mean â€˜[01m[Kinterface_name[m[Kâ€™?
[2.969s]    36 |      strcpy(interface_name, [01;31m[Kinterface_name_[m[K.c_str());
[2.971s]       |                             [01;31m[K^~~~~~~~~~~~~~~[m[K
[2.972s]       |                             [32m[Kinterface_name[m[K
[2.973s] [01m[K/media/jared/32GB3/home/epos_ws/src/epos_ros2/epos_ros2/src/EPOSWrapper.cpp:37:24:[m[K [01;31m[Kerror: [m[Kâ€˜[01m[Kport_name_[m[Kâ€™ was not declared in this scope; did you mean â€˜[01m[Kport_name[m[Kâ€™?
[2.974s]    37 |      strcpy(port_name, [01;31m[Kport_name_[m[K.c_str());
[2.975s]       |                        [01;31m[K^~~~~~~~~~[m[K
[2.976s]       |                        [32m[Kport_name[m[K
[2.978s] [01m[K/media/jared/32GB3/home/epos_ws/src/epos_ros2/epos_ros2/src/EPOSWrapper.cpp:52:55:[m[K [01;31m[Kerror: [m[Kâ€˜[01m[Kbaud_rate_[m[Kâ€™ was not declared in this scope; did you mean â€˜[01m[Kbaud_rate[m[Kâ€™?
[2.979s]    52 |          if(VCS_SetProtocolStackSettings(key_handle_, [01;31m[Kbaud_rate_[m[K, timeout, &error_code_))
[2.981s]       |                                                       [01;31m[K^~~~~~~~~~[m[K
[2.983s]       |                                                       [32m[Kbaud_rate[m[K
[3.993s] make[2]: *** [CMakeFiles/epos_wrapper_lib.dir/build.make:63: CMakeFiles/epos_wrapper_lib.dir/src/EPOSWrapper.cpp.o] Error 1
[3.994s] make[1]: *** [CMakeFiles/Makefile2:137: CMakeFiles/epos_wrapper_lib.dir/all] Error 2
[3.995s] make: *** [Makefile:141: all] Error 2
[3.999s] Invoked command in '/media/jared/32GB3/home/epos_ws/src/epos_ros2/build/epos_ros2' returned '2': AMENT_PREFIX_PATH=/media/jared/32GB3/home/epos_ws/src/epos_ros2/install/epos_ros2_msgs:${AMENT_PREFIX_PATH} CMAKE_PREFIX_PATH=/media/jared/32GB3/home/epos_ws/src/epos_ros2/install/epos_ros2_msgs:/opt/ros/galactic:${CMAKE_PREFIX_PATH} LD_LIBRARY_PATH=/media/jared/32GB3/home/epos_ws/src/epos_ros2/install/epos_ros2_msgs/lib:/opt/ros/galactic/opt/yaml_cpp_vendor/lib:/opt/ros/galactic/opt/rviz_ogre_vendor/lib:/opt/ros/galactic/lib/x86_64-linux-gnu:/opt/ros/galactic/lib:/opt/ros/noetic/lib:/usr/local/cuda-9.0/lib64 PYTHONPATH=/media/jared/32GB3/home/epos_ws/src/epos_ros2/install/epos_ros2_msgs/lib/python3.8/site-packages:${PYTHONPATH} /usr/bin/cmake --build /media/jared/32GB3/home/epos_ws/src/epos_ros2/build/epos_ros2 -- -j4 -l4
